Build started 6/5/2018 6:28:13 PM.
     1>Project "C:\Users\DaoHuan94\Documents\Visual Studio 2010\Projects\Interface_Diploma\Interface_Diploma\Interface_Diploma.vcxproj" on node 2 (build target(s)).
     1>InitializeBuildStatus:
         Creating "Release\Interface_Diploma.unsuccessfulbuild" because "AlwaysCreate" was specified.
       CustomBuild:
         All outputs are up-to-date.
       ClCompile:
         C:\Program Files (x86)\Microsoft Visual Studio 10.0\VC\bin\CL.exe /c /I.\GeneratedFiles /I. /IC:\Qt\4.8.6\include /I.\GeneratedFiles\Release /IC:\Qt\4.8.6\include\QtCore /IC:\Qt\4.8.6\include\QtGui /nologo /W1 /WX- /O2 /Oy- /D UNICODE /D WIN32 /D QT_DLL /D QT_NO_DEBUG /D NDEBUG /D QT_CORE_LIB /D QT_GUI_LIB /Gm- /EHsc /MD /GS /fp:precise /Zc:wchar_t- /Zc:forScope /Fo"Release\\" /Fd"Release\vc100.pdb" /Gd /TP /analyze- /errorReport:prompt diploma.cpp
         diploma.cpp
         All outputs are up-to-date.
       Link:
         C:\Program Files (x86)\Microsoft Visual Studio 10.0\VC\bin\link.exe /ERRORREPORT:PROMPT /OUT:"C:\Users\DaoHuan94\Documents\Visual Studio 2010\Projects\Interface_Diploma\Win32\Release\\Interface_Diploma.exe" /NOLOGO /LIBPATH:C:\Qt\4.8.6\lib qtmain.lib QtCore4.lib QtGui4.lib kernel32.lib user32.lib gdi32.lib winspool.lib comdlg32.lib advapi32.lib shell32.lib ole32.lib oleaut32.lib uuid.lib odbc32.lib odbccp32.lib /MANIFEST /ManifestFile:"Release\Interface_Diploma.exe.intermediate.manifest" /MANIFESTUAC:"level='asInvoker' uiAccess='false'" /PDB:"C:\Users\DaoHuan94\Documents\Visual Studio 2010\Projects\Interface_Diploma\Win32\Release\Interface_Diploma.pdb" /SUBSYSTEM:WINDOWS /TLBID:1 /DYNAMICBASE /NXCOMPAT /IMPLIB:"C:\Users\DaoHuan94\Documents\Visual Studio 2010\Projects\Interface_Diploma\Win32\Release\Interface_Diploma.lib" /MACHINE:X86 Release\diploma.obj
         Release\qrc_interface_diploma.obj
         Release\moc_diploma.obj
         Release\moc_interface_diploma.obj
         Release\interface_diploma.obj
         Release\main.obj
         Interface_Diploma.vcxproj -> C:\Users\DaoHuan94\Documents\Visual Studio 2010\Projects\Interface_Diploma\Win32\Release\Interface_Diploma.exe
       Manifest:
         C:\Program Files (x86)\Microsoft SDKs\Windows\v7.0A\bin\mt.exe /nologo /verbose /outputresource:"C:\Users\DaoHuan94\Documents\Visual Studio 2010\Projects\Interface_Diploma\Win32\Release\\Interface_Diploma.exe;#1" /manifest Release\Interface_Diploma.exe.intermediate.manifest
       FinalizeBuildStatus:
         Deleting file "Release\Interface_Diploma.unsuccessfulbuild".
         Touching "Release\Interface_Diploma.lastbuildstate".
     1>Done Building Project "C:\Users\DaoHuan94\Documents\Visual Studio 2010\Projects\Interface_Diploma\Interface_Diploma\Interface_Diploma.vcxproj" (build target(s)).

Build succeeded.

Time Elapsed 00:00:04.06
